[12:30:33] [main/WARN]: Failed to add PDH Counter: \Paging File(_Total)\% Usage, Error code: 0xC0000BB8
[12:30:33] [main/WARN]: Failed to add counter for PDH counter: \Paging File(_Total)\% Usage
[12:30:33] [main/WARN]: Disabling further attempts to query Paging File.
[12:30:34] [main/WARN]: COM exception: Invalid Query: SELECT PERCENTUSAGE FROM Win32_PerfRawData_PerfOS_PagingFile
[12:30:42] [main/INFO]: Environment: authHost='https://authserver.mojang.com', accountsHost='https://api.mojang.com', sessionHost='https://sessionserver.mojang.com', servicesHost='https://api.minecraftservices.com', name='PROD'
[12:30:43] [main/INFO]: Reloading ResourceManager: Default, bukkit
[12:30:44] [Worker-Main-6/INFO]: Loaded 7 recipes
[12:30:48] [Server thread/INFO]: Starting minecraft server version 1.17.1
[12:30:48] [Server thread/INFO]: Loading properties
[12:30:48] [Server thread/INFO]: This server is running CraftBukkit version 3284a-Spigot-3892929-0ab8487 (MC: 1.17.1) (Implementing API version 1.17.1-R0.1-SNAPSHOT)
[12:30:48] [Server thread/INFO]: Debug logging is disabled
[12:30:48] [Server thread/INFO]: Using 4 threads for Netty based IO
[12:30:48] [Server thread/INFO]: Server Ping Player Sample Count: 12
[12:30:48] [Server thread/INFO]: Default game type: SURVIVAL
[12:30:48] [Server thread/INFO]: Generating keypair
[12:30:49] [Server thread/INFO]: Starting Minecraft server on *:25565
[12:30:49] [Server thread/INFO]: Using default channel type
[12:30:51] [Server thread/INFO]: Preparing level "world"
[12:30:51] [Server thread/INFO]: -------- World Settings For [world] --------
[12:30:51] [Server thread/INFO]: Entity Tracking Range: Pl 48 / An 48 / Mo 48 / Mi 32 / Other 64
[12:30:51] [Server thread/INFO]: Nerfing mobs spawned from spawners: false
[12:30:51] [Server thread/INFO]: Allow Zombie Pigmen to spawn from portal blocks: true
[12:30:51] [Server thread/INFO]: View Distance: 10
[12:30:51] [Server thread/INFO]: Item Merge Radius: 2.5
[12:30:51] [Server thread/INFO]: Item Despawn Rate: 6000
[12:30:51] [Server thread/INFO]: Zombie Aggressive Towards Villager: true
[12:30:51] [Server thread/INFO]: Arrow Despawn Rate: 1200 Trident Respawn Rate:1200
[12:30:51] [Server thread/INFO]: Experience Merge Radius: 3.0
[12:30:51] [Server thread/INFO]: Mob Spawn Range: 6
[12:30:51] [Server thread/INFO]: Entity Activation Range: An 32 / Mo 32 / Ra 48 / Mi 16 / Tiv true
[12:30:51] [Server thread/INFO]: Cactus Growth Modifier: 100%
[12:30:51] [Server thread/INFO]: Cane Growth Modifier: 100%
[12:30:51] [Server thread/INFO]: Melon Growth Modifier: 100%
[12:30:51] [Server thread/INFO]: Mushroom Growth Modifier: 100%
[12:30:51] [Server thread/INFO]: Pumpkin Growth Modifier: 100%
[12:30:51] [Server thread/INFO]: Sapling Growth Modifier: 100%
[12:30:51] [Server thread/INFO]: Beetroot Growth Modifier: 100%
[12:30:51] [Server thread/INFO]: Carrot Growth Modifier: 100%
[12:30:51] [Server thread/INFO]: Potato Growth Modifier: 100%
[12:30:51] [Server thread/INFO]: Wheat Growth Modifier: 100%
[12:30:51] [Server thread/INFO]: NetherWart Growth Modifier: 100%
[12:30:51] [Server thread/INFO]: Vine Growth Modifier: 100%
[12:30:51] [Server thread/INFO]: Cocoa Growth Modifier: 100%
[12:30:51] [Server thread/INFO]: Bamboo Growth Modifier: 100%
[12:30:51] [Server thread/INFO]: SweetBerry Growth Modifier: 100%
[12:30:51] [Server thread/INFO]: Kelp Growth Modifier: 100%
[12:30:51] [Server thread/INFO]: Hopper Transfer: 8 Hopper Check: 1 Hopper Amount: 1
[12:30:51] [Server thread/INFO]: Custom Map Seeds:  Village: 10387312 Desert: 14357617 Igloo: 14357618 Jungle: 14357619 Swamp: 14357620 Monument: 10387313 Ocean: 14357621 Shipwreck: 165745295 End City: 10387313 Slime: 987234911 Bastion: 30084232 Fortress: 30084232 Mansion: 10387319 Fossil: 14357921 Portal: 34222645
[12:30:51] [Server thread/INFO]: Max TNT Explosions: 100
[12:30:51] [Server thread/INFO]: Tile Max Tick Time: 50ms Entity max Tick Time: 50ms
[12:30:51] [Server thread/INFO]: -------- World Settings For [world_nether] --------
[12:30:51] [Server thread/INFO]: Entity Tracking Range: Pl 48 / An 48 / Mo 48 / Mi 32 / Other 64
[12:30:51] [Server thread/INFO]: Nerfing mobs spawned from spawners: false
[12:30:51] [Server thread/INFO]: Allow Zombie Pigmen to spawn from portal blocks: true
[12:30:51] [Server thread/INFO]: View Distance: 10
[12:30:51] [Server thread/INFO]: Item Merge Radius: 2.5
[12:30:51] [Server thread/INFO]: Item Despawn Rate: 6000
[12:30:51] [Server thread/INFO]: Zombie Aggressive Towards Villager: true
[12:30:51] [Server thread/INFO]: Arrow Despawn Rate: 1200 Trident Respawn Rate:1200
[12:30:51] [Server thread/INFO]: Experience Merge Radius: 3.0
[12:30:51] [Server thread/INFO]: Mob Spawn Range: 6
[12:30:51] [Server thread/INFO]: Entity Activation Range: An 32 / Mo 32 / Ra 48 / Mi 16 / Tiv true
[12:30:51] [Server thread/INFO]: Cactus Growth Modifier: 100%
[12:30:51] [Server thread/INFO]: Cane Growth Modifier: 100%
[12:30:51] [Server thread/INFO]: Melon Growth Modifier: 100%
[12:30:51] [Server thread/INFO]: Mushroom Growth Modifier: 100%
[12:30:51] [Server thread/INFO]: Pumpkin Growth Modifier: 100%
[12:30:51] [Server thread/INFO]: Sapling Growth Modifier: 100%
[12:30:51] [Server thread/INFO]: Beetroot Growth Modifier: 100%
[12:30:51] [Server thread/INFO]: Carrot Growth Modifier: 100%
[12:30:51] [Server thread/INFO]: Potato Growth Modifier: 100%
[12:30:51] [Server thread/INFO]: Wheat Growth Modifier: 100%
[12:30:51] [Server thread/INFO]: NetherWart Growth Modifier: 100%
[12:30:51] [Server thread/INFO]: Vine Growth Modifier: 100%
[12:30:51] [Server thread/INFO]: Cocoa Growth Modifier: 100%
[12:30:51] [Server thread/INFO]: Bamboo Growth Modifier: 100%
[12:30:51] [Server thread/INFO]: SweetBerry Growth Modifier: 100%
[12:30:51] [Server thread/INFO]: Kelp Growth Modifier: 100%
[12:30:51] [Server thread/INFO]: Hopper Transfer: 8 Hopper Check: 1 Hopper Amount: 1
[12:30:51] [Server thread/INFO]: Custom Map Seeds:  Village: 10387312 Desert: 14357617 Igloo: 14357618 Jungle: 14357619 Swamp: 14357620 Monument: 10387313 Ocean: 14357621 Shipwreck: 165745295 End City: 10387313 Slime: 987234911 Bastion: 30084232 Fortress: 30084232 Mansion: 10387319 Fossil: 14357921 Portal: 34222645
[12:30:51] [Server thread/INFO]: Max TNT Explosions: 100
[12:30:51] [Server thread/INFO]: Tile Max Tick Time: 50ms Entity max Tick Time: 50ms
[12:30:51] [Server thread/INFO]: -------- World Settings For [world_the_end] --------
[12:30:51] [Server thread/INFO]: Entity Tracking Range: Pl 48 / An 48 / Mo 48 / Mi 32 / Other 64
[12:30:51] [Server thread/INFO]: Nerfing mobs spawned from spawners: false
[12:30:51] [Server thread/INFO]: Allow Zombie Pigmen to spawn from portal blocks: true
[12:30:51] [Server thread/INFO]: View Distance: 10
[12:30:51] [Server thread/INFO]: Item Merge Radius: 2.5
[12:30:51] [Server thread/INFO]: Item Despawn Rate: 6000
[12:30:51] [Server thread/INFO]: Zombie Aggressive Towards Villager: true
[12:30:51] [Server thread/INFO]: Arrow Despawn Rate: 1200 Trident Respawn Rate:1200
[12:30:51] [Server thread/INFO]: Experience Merge Radius: 3.0
[12:30:51] [Server thread/INFO]: Mob Spawn Range: 6
[12:30:51] [Server thread/INFO]: Entity Activation Range: An 32 / Mo 32 / Ra 48 / Mi 16 / Tiv true
[12:30:51] [Server thread/INFO]: Cactus Growth Modifier: 100%
[12:30:51] [Server thread/INFO]: Cane Growth Modifier: 100%
[12:30:51] [Server thread/INFO]: Melon Growth Modifier: 100%
[12:30:51] [Server thread/INFO]: Mushroom Growth Modifier: 100%
[12:30:51] [Server thread/INFO]: Pumpkin Growth Modifier: 100%
[12:30:51] [Server thread/INFO]: Sapling Growth Modifier: 100%
[12:30:51] [Server thread/INFO]: Beetroot Growth Modifier: 100%
[12:30:51] [Server thread/INFO]: Carrot Growth Modifier: 100%
[12:30:51] [Server thread/INFO]: Potato Growth Modifier: 100%
[12:30:51] [Server thread/INFO]: Wheat Growth Modifier: 100%
[12:30:51] [Server thread/INFO]: NetherWart Growth Modifier: 100%
[12:30:51] [Server thread/INFO]: Vine Growth Modifier: 100%
[12:30:51] [Server thread/INFO]: Cocoa Growth Modifier: 100%
[12:30:51] [Server thread/INFO]: Bamboo Growth Modifier: 100%
[12:30:51] [Server thread/INFO]: SweetBerry Growth Modifier: 100%
[12:30:51] [Server thread/INFO]: Kelp Growth Modifier: 100%
[12:30:51] [Server thread/INFO]: Hopper Transfer: 8 Hopper Check: 1 Hopper Amount: 1
[12:30:51] [Server thread/INFO]: Custom Map Seeds:  Village: 10387312 Desert: 14357617 Igloo: 14357618 Jungle: 14357619 Swamp: 14357620 Monument: 10387313 Ocean: 14357621 Shipwreck: 165745295 End City: 10387313 Slime: 987234911 Bastion: 30084232 Fortress: 30084232 Mansion: 10387319 Fossil: 14357921 Portal: 34222645
[12:30:51] [Server thread/INFO]: Max TNT Explosions: 100
[12:30:51] [Server thread/INFO]: Tile Max Tick Time: 50ms Entity max Tick Time: 50ms
[12:30:51] [Server thread/INFO]: Preparing start region for dimension minecraft:overworld
[12:30:52] [Worker-Main-6/INFO]: Preparing spawn area: 0%
[12:30:58] [Worker-Main-4/INFO]: Preparing spawn area: 0%
[12:30:58] [Worker-Main-5/INFO]: Preparing spawn area: 0%
[12:30:58] [Worker-Main-5/INFO]: Preparing spawn area: 0%
[12:30:58] [Worker-Main-5/INFO]: Preparing spawn area: 0%
[12:30:58] [Worker-Main-4/INFO]: Preparing spawn area: 0%
[12:30:58] [Worker-Main-4/INFO]: Preparing spawn area: 0%
[12:30:58] [Worker-Main-6/INFO]: Preparing spawn area: 0%
[12:30:58] [Worker-Main-6/INFO]: Preparing spawn area: 0%
[12:30:58] [Worker-Main-6/INFO]: Preparing spawn area: 0%
[12:30:58] [Worker-Main-6/INFO]: Preparing spawn area: 0%
[12:30:58] [Worker-Main-6/INFO]: Preparing spawn area: 0%
[12:30:58] [Worker-Main-4/INFO]: Preparing spawn area: 0%
[12:30:58] [Worker-Main-5/INFO]: Preparing spawn area: 0%
[12:30:58] [Worker-Main-5/INFO]: Preparing spawn area: 0%
[12:30:59] [Worker-Main-5/INFO]: Preparing spawn area: 1%
[12:30:59] [Worker-Main-4/INFO]: Preparing spawn area: 3%
[12:31:00] [Worker-Main-4/INFO]: Preparing spawn area: 12%
[12:31:00] [Worker-Main-6/INFO]: Preparing spawn area: 13%
[12:31:01] [Worker-Main-5/INFO]: Preparing spawn area: 13%
[12:31:01] [Worker-Main-4/INFO]: Preparing spawn area: 13%
[12:31:02] [Worker-Main-4/INFO]: Preparing spawn area: 54%
[12:31:02] [Worker-Main-4/INFO]: Preparing spawn area: 69%
[12:31:03] [Worker-Main-5/INFO]: Preparing spawn area: 72%
[12:31:03] [Worker-Main-6/INFO]: Preparing spawn area: 75%
[12:31:04] [Worker-Main-4/INFO]: Preparing spawn area: 77%
[12:31:04] [Worker-Main-6/INFO]: Preparing spawn area: 83%
[12:31:05] [Worker-Main-5/INFO]: Preparing spawn area: 84%
[12:31:05] [Worker-Main-4/INFO]: Preparing spawn area: 86%
[12:31:06] [Worker-Main-4/INFO]: Preparing spawn area: 88%
[12:31:06] [Worker-Main-5/INFO]: Preparing spawn area: 91%
[12:31:07] [Worker-Main-5/INFO]: Preparing spawn area: 92%
[12:31:07] [Worker-Main-4/INFO]: Preparing spawn area: 94%
[12:31:08] [Worker-Main-4/INFO]: Preparing spawn area: 96%
[12:31:08] [Server thread/INFO]: Time elapsed: 16977 ms
[12:31:08] [Server thread/INFO]: Preparing start region for dimension minecraft:the_nether
[12:31:09] [Worker-Main-5/INFO]: Preparing spawn area: 0%
[12:31:09] [Worker-Main-4/INFO]: Preparing spawn area: 0%
[12:31:09] [Worker-Main-4/INFO]: Preparing spawn area: 0%
[12:31:10] [Worker-Main-6/INFO]: Preparing spawn area: 3%
[12:31:10] [Worker-Main-5/INFO]: Preparing spawn area: 4%
[12:31:11] [Worker-Main-6/INFO]: Preparing spawn area: 4%
[12:31:11] [Worker-Main-5/INFO]: Preparing spawn area: 22%
[12:31:12] [Worker-Main-5/INFO]: Preparing spawn area: 59%
[12:31:12] [Worker-Main-4/INFO]: Preparing spawn area: 68%
[12:31:13] [Worker-Main-6/INFO]: Preparing spawn area: 70%
[12:31:13] [Worker-Main-6/INFO]: Preparing spawn area: 74%
[12:31:14] [Worker-Main-5/INFO]: Preparing spawn area: 81%
[12:31:14] [Worker-Main-5/INFO]: Preparing spawn area: 83%
[12:31:15] [Worker-Main-6/INFO]: Preparing spawn area: 86%
[12:31:15] [Worker-Main-4/INFO]: Preparing spawn area: 88%
[12:31:16] [Worker-Main-6/INFO]: Preparing spawn area: 91%
[12:31:16] [Worker-Main-6/INFO]: Preparing spawn area: 97%
[12:31:16] [Server thread/INFO]: Time elapsed: 8153 ms
[12:31:16] [Server thread/INFO]: Preparing start region for dimension minecraft:the_end
[12:31:17] [Worker-Main-6/INFO]: Preparing spawn area: 0%
[12:31:17] [Worker-Main-6/INFO]: Preparing spawn area: 0%
[12:31:17] [Worker-Main-4/INFO]: Preparing spawn area: 0%
[12:31:18] [Worker-Main-6/INFO]: Preparing spawn area: 0%
[12:31:18] [Worker-Main-4/INFO]: Preparing spawn area: 21%
[12:31:19] [Worker-Main-6/INFO]: Preparing spawn area: 71%
[12:31:19] [Worker-Main-4/INFO]: Preparing spawn area: 81%
[12:31:20] [Worker-Main-4/INFO]: Preparing spawn area: 96%
[12:31:20] [Server thread/INFO]: Time elapsed: 3621 ms
[12:31:20] [Server thread/INFO]: Server permissions file permissions.yml is empty, ignoring it
[12:31:20] [Server thread/INFO]: Done (29.566s)! For help, type "help"
[12:31:21] [Thread-1/INFO]: Stopping server
